Geriausias sprendinys: 0 1 20 (510884)
Skaiciavimo trukme: 6.73319
Nuoseklioji dalis: 0.00144911
Lygiagrecioji dalis: 6.73175
Procesai: 1
Nauji objektai: 3
-------------------
Geriausias sprendinys: 0 1 20 (510884)
Skaiciavimo trukme: 6.41731
Nuoseklioji dalis: 0.00193381
Lygiagrecioji dalis: 6.41538
Procesai: 1
Nauji objektai: 3
-------------------
Geriausias sprendinys: 0 1 20 (510884)
Skaiciavimo trukme: 6.45933
Nuoseklioji dalis: 0.00168896
Lygiagrecioji dalis: 6.45764
Procesai: 1
Nauji objektai: 3
-------------------
Geriausias sprendinys: 0 1 20 (510884)
Skaiciavimo trukme: 6.48795
Nuoseklioji dalis: 0.00185704
Lygiagrecioji dalis: 6.4861
Procesai: 1
Nauji objektai: 3
-------------------
Geriausias sprendinys: 0 1 20 (510884)
Skaiciavimo trukme: 2.08532
Nuoseklioji dalis: 0.00145698
Lygiagrecioji dalis: 2.08386
Procesai: 4
Nauji objektai: 3
-------------------
Geriausias sprendinys: 0 1 20 (510884)
Skaiciavimo trukme: 6.94579
Nuoseklioji dalis: 0.00170302
Lygiagrecioji dalis: 6.94409
Procesai: 1
Nauji objektai: 3
-------------------
===================
Geriausias sprendinys: 0 1 20 (510884)
Skaiciavimo trukme: 1.84872
Nuoseklioji dalis: 0.001333
Lygiagrecioji dalis: 1.84738
Procesai: 4
Nauji objektai: 3
-------------------
Geriausias sprendinys: 0 1 20 (510884)
Skaiciavimo trukme: 1.85134
Nuoseklioji dalis: 0.00174809
Lygiagrecioji dalis: 1.84959
Procesai: 4
Nauji objektai: 3
-------------------
Geriausias sprendinys: 0 1 10 20 (599737)
Skaiciavimo trukme: 38.0315
Nuoseklioji dalis: 0.00202799
Lygiagrecioji dalis: 38.0295
Procesai: 1
Nauji objektai: 4
-------------------
Geriausias sprendinys: 0 1 20 (510884)
Skaiciavimo trukme: 2.00789
Nuoseklioji dalis: 0.00139618
Lygiagrecioji dalis: 2.0065
Procesai: 4
Nauji objektai: 3
-------------------
Geriausias sprendinys: 0 1 10 20 (599737)
Skaiciavimo trukme: 10.2693
Nuoseklioji dalis: 0.00159192
Lygiagrecioji dalis: 10.2677
Procesai: 4
Nauji objektai: 4
-------------------
Geriausias sprendinys: 0 1 20 (510884)
Skaiciavimo trukme: 1.86983
Nuoseklioji dalis: 0.00139284
Lygiagrecioji dalis: 1.86844
Procesai: 4
Nauji objektai: 3
-------------------
===================
Geriausias sprendinys: 0 1 10 20 (599737)
Skaiciavimo trukme: 9.85231
Nuoseklioji dalis: 0.00152421
Lygiagrecioji dalis: 9.85079
Procesai: 4
Nauji objektai: 4
-------------------
Geriausias sprendinys: 0 1 10 20 (599737)
Skaiciavimo trukme: 9.90307
Nuoseklioji dalis: 0.00138187
Lygiagrecioji dalis: 9.90169
Procesai: 4
Nauji objektai: 4
-------------------
Geriausias sprendinys: 0 1 10 20 (599737)
Skaiciavimo trukme: 9.87155
Nuoseklioji dalis: 0.00139499
Lygiagrecioji dalis: 9.87016
Procesai: 4
Nauji objektai: 4
-------------------
Geriausias sprendinys: 0 1 10 20 (599737)
Skaiciavimo trukme: 38.4815
Nuoseklioji dalis: 0.00169492
Lygiagrecioji dalis: 38.4798
Procesai: 1
Nauji objektai: 4
-------------------
Geriausias sprendinys: 0 1 10 20 (599737)
Skaiciavimo trukme: 9.98756
Nuoseklioji dalis: 0.00125909
Lygiagrecioji dalis: 9.9863
Procesai: 4
Nauji objektai: 4
-------------------
===================
Geriausias sprendinys: 0 1 10 20 22 (678416)
Skaiciavimo trukme: 43.7553
Nuoseklioji dalis: 0.00137091
Lygiagrecioji dalis: 43.754
Procesai: 4
Nauji objektai: 5
-------------------
Geriausias sprendinys: 0 1 10 20 (599737)
Skaiciavimo trukme: 38.4446
Nuoseklioji dalis: 0.00167894
Lygiagrecioji dalis: 38.4429
Procesai: 1
Nauji objektai: 4
-------------------
Geriausias sprendinys: 0 1 10 20 22 (678416)
Skaiciavimo trukme: 43.7539
Nuoseklioji dalis: 0.00157785
Lygiagrecioji dalis: 43.7523
Procesai: 4
Nauji objektai: 5
-------------------
Geriausias sprendinys: 0 1 10 20 (599737)
Skaiciavimo trukme: 38.5586
Nuoseklioji dalis: 0.00169706
Lygiagrecioji dalis: 38.5569
Procesai: 1
Nauji objektai: 4
-------------------
Geriausias sprendinys: 0 1 10 20 22 (678416)
Skaiciavimo trukme: 43.5892
Nuoseklioji dalis: 0.00141692
Lygiagrecioji dalis: 43.5878
Procesai: 4
Nauji objektai: 5
-------------------
Geriausias sprendinys: 0 1 10 20 (599737)
Skaiciavimo trukme: 39.015
Nuoseklioji dalis: 0.00179315
Lygiagrecioji dalis: 39.0132
Procesai: 1
Nauji objektai: 4
-------------------
===================
Geriausias sprendinys: 0 1 10 20 22 (678416)
Skaiciavimo trukme: 172.572
Nuoseklioji dalis: 0.00214195
Lygiagrecioji dalis: 172.57
Procesai: 1
Nauji objektai: 5
-------------------
Geriausias sprendinys: 0 1 20 (510884)
Skaiciavimo trukme: 3.58385
Nuoseklioji dalis: 0.00566387
Lygiagrecioji dalis: 3.57818
Procesai: 2
Nauji objektai: 3
-------------------
Geriausias sprendinys: 0 1 20 (510884)
Skaiciavimo trukme: 3.51889
Nuoseklioji dalis: 0.00144887
Lygiagrecioji dalis: 3.51744
Procesai: 2
Nauji objektai: 3
-------------------
Geriausias sprendinys: 0 1 20 (510884)
Skaiciavimo trukme: 3.54002
Nuoseklioji dalis: 0.00150084
Lygiagrecioji dalis: 3.53852
Procesai: 2
Nauji objektai: 3
-------------------
Geriausias sprendinys: 0 1 20 (510884)
Skaiciavimo trukme: 3.5228
Nuoseklioji dalis: 0.00154495
Lygiagrecioji dalis: 3.52126
Procesai: 2
Nauji objektai: 3
-------------------
Geriausias sprendinys: 0 1 20 (510884)
Skaiciavimo trukme: 3.56696
Nuoseklioji dalis: 0.00139904
Lygiagrecioji dalis: 3.56556
Procesai: 2
Nauji objektai: 3
-------------------
===================
Geriausias sprendinys: 0 1 10 20 (599737)
Skaiciavimo trukme: 19.0037
Nuoseklioji dalis: 0.00626087
Lygiagrecioji dalis: 18.9975
Procesai: 2
Nauji objektai: 4
-------------------
Geriausias sprendinys: 0 1 10 20 22 (678416)
Skaiciavimo trukme: 43.5361
Nuoseklioji dalis: 0.00139713
Lygiagrecioji dalis: 43.5347
Procesai: 4
Nauji objektai: 5
-------------------
Geriausias sprendinys: 0 1 20 (510884)
Skaiciavimo trukme: 1.25973
Nuoseklioji dalis: 0.00799179
Lygiagrecioji dalis: 1.25174
Procesai: 8
Nauji objektai: 3
-------------------
Geriausias sprendinys: 0 1 20 (510884)
Skaiciavimo trukme: 1.22304
Nuoseklioji dalis: 0.00211906
Lygiagrecioji dalis: 1.22092
Procesai: 8
Nauji objektai: 3
-------------------
Geriausias sprendinys: 0 1 20 (510884)
Skaiciavimo trukme: 1.23723
Nuoseklioji dalis: 0.00240207
Lygiagrecioji dalis: 1.23483
Procesai: 8
Nauji objektai: 3
-------------------
Geriausias sprendinys: 0 1 20 (510884)
Skaiciavimo trukme: 1.24953
Nuoseklioji dalis: 0.00227904
Lygiagrecioji dalis: 1.24725
Procesai: 8
Nauji objektai: 3
-------------------
Geriausias sprendinys: 0 1 20 (510884)
Skaiciavimo trukme: 1.21409
Nuoseklioji dalis: 0.00306988
Lygiagrecioji dalis: 1.21102
Procesai: 8
Nauji objektai: 3
-------------------
===================
Geriausias sprendinys: 0 1 10 20 (599737)
Skaiciavimo trukme: 3.05324
Nuoseklioji dalis: 0.00704312
Lygiagrecioji dalis: 3.0462
Procesai: 16
Nauji objektai: 4
-------------------
Geriausias sprendinys: 0 1 20 (510884)
Skaiciavimo trukme: 0.967075
Nuoseklioji dalis: 0.00676489
Lygiagrecioji dalis: 0.96031
Procesai: 16
Nauji objektai: 3
-------------------
--------------------------------------------------------------------------
Open MPI tried to fork a new process via the "execve" system call but
failed.  Open MPI checks many things before attempting to launch a
child process, but nothing is perfect. This error may be indicative
of another problem on the target host, or even something as silly as
having specified a directory for your application. Your job will now
abort.

  Local host:        lxibm131
  Application name:  ./flpenum.out
  Error:             Text file busy
--------------------------------------------------------------------------
2 total processes failed to start
-------------------
Geriausias sprendinys: 0 1 10 20 (599737)
Skaiciavimo trukme: 18.9185
Nuoseklioji dalis: 0.00164294
Lygiagrecioji dalis: 18.9168
Procesai: 2
Nauji objektai: 4
-------------------
Geriausias sprendinys: 0 1 10 20 (599737)
Skaiciavimo trukme: 3.03037
Nuoseklioji dalis: 0.00394797
Lygiagrecioji dalis: 3.02643
Procesai: 16
Nauji objektai: 4
-------------------
Geriausias sprendinys: 0 1 20 (510884)
Skaiciavimo trukme: 0.900969
Nuoseklioji dalis: 0.00287104
Lygiagrecioji dalis: 0.898098
Procesai: 16
Nauji objektai: 3
-------------------
Geriausias sprendinys: 0 1 20 (510884)
Skaiciavimo trukme: 0.985534
Nuoseklioji dalis: 0.00242209
Lygiagrecioji dalis: 0.983112
Procesai: 16
Nauji objektai: 3
Geriausias sprendinys: 0 1 10 20 22 (678416)
Skaiciavimo trukme: 11.696
Nuoseklioji dalis: 0.00582004
Lygiagrecioji dalis: 11.6902
Procesai: 16
Nauji objektai: 5
-------------------
-------------------
Geriausias sprendinys: 0 1 20 (510884)
Skaiciavimo trukme: 0.928001
Nuoseklioji dalis: 0.00315881
Lygiagrecioji dalis: 0.924842
Procesai: 16
Nauji objektai: 3
-------------------
===================
Geriausias sprendinys: 0 1 10 20 (599737)
Skaiciavimo trukme: 3.09726
Nuoseklioji dalis: 0.0020268
Lygiagrecioji dalis: 3.09524
Procesai: 16
Nauji objektai: 4
-------------------
Geriausias sprendinys: 0 1 10 20 (599737)
Skaiciavimo trukme: 5.41688
Nuoseklioji dalis: 0.00679708
Lygiagrecioji dalis: 5.41008
Procesai: 8
Nauji objektai: 4
-------------------
Geriausias sprendinys: 0 1 10 20 (599737)
Skaiciavimo trukme: 3.06239
Nuoseklioji dalis: 0.00280118
Lygiagrecioji dalis: 3.05959
Procesai: 16
Nauji objektai: 4
-------------------
Geriausias sprendinys: 0 1 10 20 (599737)
Skaiciavimo trukme: 5.37775
Nuoseklioji dalis: 0.00170803
Lygiagrecioji dalis: 5.37604
Procesai: 8
Nauji objektai: 4
-------------------
Geriausias sprendinys: 0 1 10 20 22 (678416)
Skaiciavimo trukme: 22.2194
Nuoseklioji dalis: 0.00770807
Lygiagrecioji dalis: 22.2117
Procesai: 8
Nauji objektai: 5
-------------------
Geriausias sprendinys: 0 1 10 20 (599737)
Skaiciavimo trukme: 3.01912
Nuoseklioji dalis: 0.00217295
Lygiagrecioji dalis: 3.01695
Procesai: 16
Nauji objektai: 4
-------------------
===================
Geriausias sprendinys: 0 1 10 20 22 (678416)
Skaiciavimo trukme: 11.7421
Nuoseklioji dalis: 0.00213003
Lygiagrecioji dalis: 11.74
Procesai: 16
Nauji objektai: 5
-------------------
Geriausias sprendinys: 0 1 10 20 (599737)
Skaiciavimo trukme: 5.33518
Nuoseklioji dalis: 0.00238585
Lygiagrecioji dalis: 5.3328
Procesai: 8
Nauji objektai: 4
-------------------
Geriausias sprendinys: 0 1 10 20 (599737)
Skaiciavimo trukme: 18.7551
Nuoseklioji dalis: 0.00201607
Lygiagrecioji dalis: 18.7531
Procesai: 2
Nauji objektai: 4
-------------------
Geriausias sprendinys: 0 1 10 20 (599737)
Skaiciavimo trukme: 5.38778
Nuoseklioji dalis: 0.00232291
Lygiagrecioji dalis: 5.38546
Procesai: 8
Nauji objektai: 4
-------------------
Geriausias sprendinys: 0 1 10 20 22 (678416)
Skaiciavimo trukme: 11.4492
Nuoseklioji dalis: 0.00211
Lygiagrecioji dalis: 11.4471
Procesai: 16
Nauji objektai: 5
Geriausias sprendinys: 0 1 10 20 (599737)
Skaiciavimo trukme: 5.33705
Nuoseklioji dalis: 0.00288606
Lygiagrecioji dalis: 5.33417
Procesai: 8
Nauji objektai: 4
-------------------
-------------------
===================
Geriausias sprendinys: 0 1 10 20 22 (678416)
Skaiciavimo trukme: 43.2739
Nuoseklioji dalis: 0.00178003
Lygiagrecioji dalis: 43.2721
Procesai: 4
Nauji objektai: 5
-------------------
===================
Geriausias sprendinys: 0 1 10 20 22 (678416)
Skaiciavimo trukme: 22.2619
Nuoseklioji dalis: 0.00312304
Lygiagrecioji dalis: 22.2588
Procesai: 8
Nauji objektai: 5
-------------------
Geriausias sprendinys: 0 1 10 20 (599737)
Skaiciavimo trukme: 18.751
Nuoseklioji dalis: 0.00203109
Lygiagrecioji dalis: 18.749
Procesai: 2
Nauji objektai: 4
-------------------
Geriausias sprendinys: 0 1 10 20 22 (678416)
Skaiciavimo trukme: 11.5663
Nuoseklioji dalis: 0.002074
Lygiagrecioji dalis: 11.5642
Procesai: 16
Nauji objektai: 5
-------------------
Geriausias sprendinys: 0 1 10 20 22 (678416)
Skaiciavimo trukme: 82.9466
Nuoseklioji dalis: 0.00574803
Lygiagrecioji dalis: 82.9408
Procesai: 2
Nauji objektai: 5
-------------------
Geriausias sprendinys: 0 1 10 20 22 (678416)
Skaiciavimo trukme: 11.617
Nuoseklioji dalis: 0.00150704
Lygiagrecioji dalis: 11.6155
Procesai: 16
Nauji objektai: 5
-------------------
===================
Geriausias sprendinys: 0 1 10 20 22 (678416)
Skaiciavimo trukme: 22.0945
Nuoseklioji dalis: 0.00272918
Lygiagrecioji dalis: 22.0918
Procesai: 8
Nauji objektai: 5
-------------------
Geriausias sprendinys: 0 1 10 20 (599737)
Skaiciavimo trukme: 18.6805
Nuoseklioji dalis: 0.00154901
Lygiagrecioji dalis: 18.679
Procesai: 2
Nauji objektai: 4
-------------------
===================
Geriausias sprendinys: 0 1 10 20 22 (678416)
Skaiciavimo trukme: 22.2851
Nuoseklioji dalis: 0.00180697
Lygiagrecioji dalis: 22.2833
Procesai: 8
Nauji objektai: 5
-------------------
Geriausias sprendinys: 0 1 10 20 22 (678416)
Skaiciavimo trukme: 23.0833
Nuoseklioji dalis: 0.00273609
Lygiagrecioji dalis: 23.0806
Procesai: 8
Nauji objektai: 5
-------------------
===================
Geriausias sprendinys: 0 1 10 20 22 (678416)
Skaiciavimo trukme: 168.745
Nuoseklioji dalis: 0.0026629
Lygiagrecioji dalis: 168.742
Procesai: 1
Nauji objektai: 5
-------------------
Geriausias sprendinys: 0 1 10 20 22 (678416)
Skaiciavimo trukme: 82.5915
Nuoseklioji dalis: 0.00201797
Lygiagrecioji dalis: 82.5895
Procesai: 2
Nauji objektai: 5
-------------------
Geriausias sprendinys: 0 1 10 20 22 (678416)
Skaiciavimo trukme: 83.3604
Nuoseklioji dalis: 0.00149798
Lygiagrecioji dalis: 83.3589
Procesai: 2
Nauji objektai: 5
-------------------
Geriausias sprendinys: 0 1 10 20 22 (678416)
Skaiciavimo trukme: 165.708
Nuoseklioji dalis: 0.00170398
Lygiagrecioji dalis: 165.706
Procesai: 1
Nauji objektai: 5
-------------------
Geriausias sprendinys: 0 1 10 20 22 (678416)
Skaiciavimo trukme: 82.7435
Nuoseklioji dalis: 0.00208306
Lygiagrecioji dalis: 82.7414
Procesai: 2
Nauji objektai: 5
-------------------
Geriausias sprendinys: 0 1 10 20 22 (678416)
Skaiciavimo trukme: 83.1418
Nuoseklioji dalis: 0.00194407
Lygiagrecioji dalis: 83.1398
Procesai: 2
Nauji objektai: 5
-------------------
===================
Geriausias sprendinys: 0 1 10 20 22 (678416)
Skaiciavimo trukme: 165.554
Nuoseklioji dalis: 0.00178981
Lygiagrecioji dalis: 165.552
Procesai: 1
Nauji objektai: 5
-------------------
Geriausias sprendinys: 0 1 10 20 22 (678416)
Skaiciavimo trukme: 165.76
Nuoseklioji dalis: 0.00180197
Lygiagrecioji dalis: 165.758
Procesai: 1
Nauji objektai: 5
-------------------
===================
Geriausias sprendinys: 0 1 20 (510884)
Skaiciavimo trukme: 0.758073
Nuoseklioji dalis: 0.00617814
Lygiagrecioji dalis: 0.751895
Procesai: 32
Nauji objektai: 3
-------------------
Geriausias sprendinys: 0 1 20 (510884)
Skaiciavimo trukme: 0.777312
Nuoseklioji dalis: 0.00172901
Lygiagrecioji dalis: 0.775583
Procesai: 32
Nauji objektai: 3
-------------------
Geriausias sprendinys: 0 1 10 20 (599737)
Skaiciavimo trukme: 1.93227
Nuoseklioji dalis: 0.00570107
Lygiagrecioji dalis: 1.92657
Procesai: 32
Nauji objektai: 4
-------------------
Geriausias sprendinys: 0 1 20 (510884)
Skaiciavimo trukme: 0.773552
Nuoseklioji dalis: 0.00258303
Lygiagrecioji dalis: 0.770969
Procesai: 32
Nauji objektai: 3
-------------------
Geriausias sprendinys: 0 1 10 20 (599737)
Skaiciavimo trukme: 1.83792
Nuoseklioji dalis: 0.00281906
Lygiagrecioji dalis: 1.8351
Procesai: 32
Nauji objektai: 4
-------------------
Geriausias sprendinys: 0 1 20 (510884)
Skaiciavimo trukme: 0.778721
Nuoseklioji dalis: 0.002285
Lygiagrecioji dalis: 0.776436
Procesai: 32
Nauji objektai: 3
-------------------
Geriausias sprendinys: 0 1 20 (510884)
Skaiciavimo trukme: 0.770084
Nuoseklioji dalis: 0.00178099
Lygiagrecioji dalis: 0.768303
Procesai: 32
Nauji objektai: 3
-------------------
===================
Geriausias sprendinys: 0 1 10 20 (599737)
Skaiciavimo trukme: 1.819
Nuoseklioji dalis: 0.00288796
Lygiagrecioji dalis: 1.81611
Procesai: 32
Nauji objektai: 4
-------------------
Geriausias sprendinys: 0 1 10 20 (599737)
Skaiciavimo trukme: 1.80137
Nuoseklioji dalis: 0.00230193
Lygiagrecioji dalis: 1.79907
Procesai: 32
Nauji objektai: 4
-------------------
Geriausias sprendinys: 0 1 10 20 (599737)
Skaiciavimo trukme: 1.82588
Nuoseklioji dalis: 0.00228596
Lygiagrecioji dalis: 1.8236
Procesai: 32
Nauji objektai: 4
-------------------
===================
Geriausias sprendinys: 0 1 10 20 22 (678416)
Skaiciavimo trukme: 6.16752
Nuoseklioji dalis: 0.00173497
Lygiagrecioji dalis: 6.16579
Procesai: 32
Nauji objektai: 5
-------------------
Geriausias sprendinys: 0 1 10 20 22 (678416)
Skaiciavimo trukme: 6.10138
Nuoseklioji dalis: 0.00156713
Lygiagrecioji dalis: 6.09981
Procesai: 32
Nauji objektai: 5
-------------------
Geriausias sprendinys: 0 1 10 20 22 (678416)
Skaiciavimo trukme: 6.14286
Nuoseklioji dalis: 0.00278902
Lygiagrecioji dalis: 6.14007
Procesai: 32
Nauji objektai: 5
-------------------
Geriausias sprendinys: 0 1 10 20 22 (678416)
Skaiciavimo trukme: 6.18015
Nuoseklioji dalis: 0.0026691
Lygiagrecioji dalis: 6.17748
Procesai: 32
Nauji objektai: 5
-------------------
Geriausias sprendinys: 0 1 10 20 22 (678416)
Skaiciavimo trukme: 6.13562
Nuoseklioji dalis: 0.002671
Lygiagrecioji dalis: 6.13295
Procesai: 32
Nauji objektai: 5
-------------------
===================
Geriausias sprendinys: 0 1 20 (510884)
Skaiciavimo trukme: 0.846634
Nuoseklioji dalis: 0.00472999
Lygiagrecioji dalis: 0.841904
Procesai: 64
Nauji objektai: 3
-------------------
Geriausias sprendinys: 0 1 20 (510884)
Skaiciavimo trukme: 0.779062
Nuoseklioji dalis: 0.00258899
Lygiagrecioji dalis: 0.776473
Procesai: 64
Nauji objektai: 3
-------------------
Geriausias sprendinys: 0 1 20 (510884)
Skaiciavimo trukme: 0.806264
Nuoseklioji dalis: 0.00191712
Lygiagrecioji dalis: 0.804347
Procesai: 64
Nauji objektai: 3
-------------------
Geriausias sprendinys: 0 1 10 20 (599737)
Skaiciavimo trukme: 1.3797
Nuoseklioji dalis: 0.00517011
Lygiagrecioji dalis: 1.37453
Procesai: 64
Nauji objektai: 4
-------------------
Geriausias sprendinys: 0 1 20 (510884)
Skaiciavimo trukme: 0.806336
Nuoseklioji dalis: 0.00342894
Lygiagrecioji dalis: 0.802907
Procesai: 64
Nauji objektai: 3
-------------------
Geriausias sprendinys: 0 1 10 20 (599737)
Skaiciavimo trukme: 1.32773
Nuoseklioji dalis: 0.002949
Lygiagrecioji dalis: 1.32478
Procesai: 64
Nauji objektai: 4
-------------------
Geriausias sprendinys: 0 1 20 (510884)
Skaiciavimo trukme: 0.817314
Nuoseklioji dalis: 0.00281501
Lygiagrecioji dalis: 0.814499
Procesai: 64
Nauji objektai: 3
-------------------
===================
Geriausias sprendinys: 0 1 10 20 (599737)
Skaiciavimo trukme: 1.33909
Nuoseklioji dalis: 0.0028441
Lygiagrecioji dalis: 1.33624
Procesai: 64
Nauji objektai: 4
-------------------
Geriausias sprendinys: 0 1 10 20 (599737)
Skaiciavimo trukme: 1.34392
Nuoseklioji dalis: 0.00302696
Lygiagrecioji dalis: 1.34089
Procesai: 64
Nauji objektai: 4
-------------------
Geriausias sprendinys: 0 1 10 20 (599737)
Skaiciavimo trukme: 1.35028
Nuoseklioji dalis: 0.00268698
Lygiagrecioji dalis: 1.34759
Procesai: 64
Nauji objektai: 4
-------------------
===================
Geriausias sprendinys: 0 1 4 20 22 (668673)
Skaiciavimo trukme: 3.61219
Nuoseklioji dalis: 0.00533795
Lygiagrecioji dalis: 3.60685
Procesai: 64
Nauji objektai: 5
-------------------
Geriausias sprendinys: 0 1 4 20 22 (668673)
Skaiciavimo trukme: 3.52498
Nuoseklioji dalis: 0.00199008
Lygiagrecioji dalis: 3.52299
Procesai: 64
Nauji objektai: 5
-------------------
Geriausias sprendinys: 0 1 4 20 22 (668673)
Skaiciavimo trukme: 3.56948
Nuoseklioji dalis: 0.00229287
Lygiagrecioji dalis: 3.56719
Procesai: 64
Nauji objektai: 5
-------------------
Geriausias sprendinys: 0 1 4 20 22 (668673)
Skaiciavimo trukme: 3.64743
Nuoseklioji dalis: 0.00275683
Lygiagrecioji dalis: 3.64468
Procesai: 64
Nauji objektai: 5
-------------------
Geriausias sprendinys: 0 1 4 20 22 (668673)
Skaiciavimo trukme: 3.67666
Nuoseklioji dalis: 0.00289083
Lygiagrecioji dalis: 3.67377
Procesai: 64
Nauji objektai: 5
-------------------
===================
